ISim log file
Running: M:\desktop\project file\rns_modulo_adder\modulo_5_OHC_adder_isim_beh.exe -intstyle ise -gui -tclbatch isim.cmd -wdb M:/desktop/project file/rns_modulo_adder/modulo_5_OHC_adder_isim_beh.wdb 
ISim P.58f (signature 0x7708f090)
WARNING: A WEBPACK license was found.
WARNING: Please use Xilinx License Configuration Manager to check out a full ISim license.
WARNING: ISim will run in Lite mode. Please refer to the ISim documentation for more information on the differences between the Lite and the Full version.
This is a Lite version of ISim.
Time resolution is 1 ps
# onerror resume
# wave add /
# run 1000 ns
Simulator is doing circuit initialization process.
Finished circuit initialization process.
# isim force add /modulo_5_OHC_adder/a 011 -radix bin
# isim force add /modulo_5_OHC_adder/a 011 -radix bin
# isim force add /modulo_5_OHC_adder/b 011 -radix bin
# isim force add /modulo_5_OHC_adder/b 011 -radix bin
# run 1.00us
# isim force add /modulo_5_OHC_adder/a 4 -radix oct
# isim force add /modulo_5_OHC_adder/a 4 -radix oct
# isim force add /modulo_5_OHC_adder/b 1 -radix oct
# isim force add /modulo_5_OHC_adder/b 1 -radix oct
# run 1.00us
ISim P.58f (signature 0x7708f090)
WARNING: A WEBPACK license was found.
WARNING: Please use Xilinx License Configuration Manager to check out a full ISim license.
WARNING: ISim will run in Lite mode. Please refer to the ISim documentation for more information on the differences between the Lite and the Full version.
This is a Lite version of ISim.
# run 1000 ns
Simulator is doing circuit initialization process.
Finished circuit initialization process.
# isim force add /modulo_5_OHC_adder/a 4 -radix oct
# isim force add /modulo_5_OHC_adder/a 4 -radix oct
# isim force add /modulo_5_OHC_adder/b 1 -radix oct
# isim force add /modulo_5_OHC_adder/b 1 -radix oct
# run 1.00us
# isim force add /modulo_5_OHC_adder/a 3 -radix oct
# isim force add /modulo_5_OHC_adder/a 3 -radix oct
# isim force add /modulo_5_OHC_adder/b 2 -radix oct
# isim force add /modulo_5_OHC_adder/b 2 -radix oct
# run 1.00us
