Command line:
   ohc_9_modulo_adder_isim_beh.exe
     -simmode  gui
     -simrunnum  0
     -socket  51248

Sat Jun 05 10:56:48 2021


 Elaboration Time: 0.015625 sec

 Current Memory Usage: 5146.14 Meg

 Total Signals          : 19
 Total Nets             : 94
 Total Signal Drivers   : 68
 Total Blocks           : 2
 Total Primitive Blocks : 2
 Total Processes        : 69
 Total Traceable Variables  : 18
 Total Scalar Nets and Variables : 174
Total Line Count : 77

 Total Simulation Time: 0.015625 sec

 Current Memory Usage: 4674.28 Meg

Sat Jun 05 10:59:46 2021

