Command line:
   tc_5_modulo_adder_isim_beh.exe
     -simmode  gui
     -simrunnum  0
     -socket  52303

Mon Jun 07 15:16:41 2021


 Elaboration Time: 0.046875 sec

 Current Memory Usage: 5146.14 Meg

 Total Signals          : 27
 Total Nets             : 55
 Total Signal Drivers   : 37
 Total Blocks           : 2
 Total Primitive Blocks : 2
 Total Processes        : 38
 Total Traceable Variables  : 19
 Total Scalar Nets and Variables : 136
Total Line Count : 46

 Total Simulation Time: 0.046875 sec

 Current Memory Usage: 4674.29 Meg

Mon Jun 07 15:19:59 2021

