Command line:
   TC_9_modulo_adder_isim_beh.exe
     -simmode  gui
     -simrunnum  0
     -socket  51815

Mon Jun 07 16:25:31 2021


 Elaboration Time: 0.046875 sec

 Current Memory Usage: 5146.15 Meg

 Total Signals          : 35
 Total Nets             : 113
 Total Signal Drivers   : 83
 Total Blocks           : 2
 Total Primitive Blocks : 2
 Total Processes        : 84
 Total Traceable Variables  : 19
 Total Scalar Nets and Variables : 194
Total Line Count : 92

 Total Simulation Time: 0.0625 sec

 Current Memory Usage: 4674.29 Meg

Mon Jun 07 16:31:37 2021

